16:23:14 ERROR Entrega {sucorrientazo.actors.Entrega$$anonfun$receive$1 applyOrElse} - GESTOR_DE_DOCUMENTOS - hola
16:35:43 ERROR Entrega {sucorrientazo.actors.Entrega$$anonfun$receive$1 applyOrElse} - GESTOR_DE_DOCUMENTOS - hola
16:38:06 ERROR Entrega {sucorrientazo.actors.Entrega$$anonfun$receive$1 applyOrElse} - GESTOR_DE_DOCUMENTOS - hola
16:50:21 ERROR Entrega {sucorrientazo.actors.Entrega$$anonfun$receive$1 applyOrElse} - GESTOR_DE_DOCUMENTOS - mensaje entregado al actor entrega
16:50:21 ERROR Dron {sucorrientazo.actors.Dron$$anonfun$receive$1 applyOrElse} - GESTOR_DE_DOCUMENTOS - mensaje recibido
16:50:21 ERROR Dron {sucorrientazo.actors.Dron $anonfun$entregarAlmuerzos$1} - GESTOR_DE_DOCUMENTOS - (-3, -1) Este
16:50:21 ERROR Dron {sucorrientazo.actors.Dron $anonfun$entregarAlmuerzos$1} - GESTOR_DE_DOCUMENTOS - (-1, 0) Sur
16:50:21 ERROR Dron {sucorrientazo.actors.Dron $anonfun$entregarAlmuerzos$1} - GESTOR_DE_DOCUMENTOS - (0, -2) Sur
16:50:21 ERROR Dron {sucorrientazo.actors.Dron $anonfun$entregarAlmuerzos$1} - GESTOR_DE_DOCUMENTOS - (3, -1) Sur
16:54:46 ERROR Entrega {sucorrientazo.actors.Entrega$$anonfun$receive$1 applyOrElse} - GESTOR_DE_DOCUMENTOS - mensaje entregado al actor entrega
16:54:46 ERROR Dron {sucorrientazo.actors.Dron$$anonfun$receive$1 applyOrElse} - GESTOR_DE_DOCUMENTOS - mensaje recibido
16:54:46 ERROR Dron {sucorrientazo.actors.Dron $anonfun$entregarAlmuerzos$1} - GESTOR_DE_DOCUMENTOS - (-3, -1) Este
16:54:46 ERROR Dron {sucorrientazo.actors.Dron $anonfun$entregarAlmuerzos$1} - GESTOR_DE_DOCUMENTOS - (-1, 0) Sur
16:54:46 ERROR Dron {sucorrientazo.actors.Dron$$anonfun$receive$1 applyOrElse} - GESTOR_DE_DOCUMENTOS - mensaje recibido
16:54:46 ERROR Dron {sucorrientazo.actors.Dron $anonfun$entregarAlmuerzos$1} - GESTOR_DE_DOCUMENTOS - (-2, -1) Este
16:54:46 ERROR Dron {sucorrientazo.actors.Dron $anonfun$entregarAlmuerzos$1} - GESTOR_DE_DOCUMENTOS - (-1, 0) Sur
16:54:46 ERROR Dron {sucorrientazo.actors.Dron $anonfun$entregarAlmuerzos$1} - GESTOR_DE_DOCUMENTOS - (-1, -2) Sur
16:54:46 ERROR Dron {sucorrientazo.actors.Dron $anonfun$entregarAlmuerzos$1} - GESTOR_DE_DOCUMENTOS - (2, 0) Sur
16:54:46 ERROR Dron {sucorrientazo.actors.Dron $anonfun$entregarAlmuerzos$1} - GESTOR_DE_DOCUMENTOS - (0, -2) Sur
16:54:46 ERROR Dron {sucorrientazo.actors.Dron $anonfun$entregarAlmuerzos$1} - GESTOR_DE_DOCUMENTOS - (3, -1) Sur
16:54:46 ERROR Dron {sucorrientazo.actors.Dron$$anonfun$receive$1 applyOrElse} - GESTOR_DE_DOCUMENTOS - mensaje recibido
16:54:46 ERROR Dron {sucorrientazo.actors.Dron $anonfun$entregarAlmuerzos$1} - GESTOR_DE_DOCUMENTOS - (-1, 0) Norte
16:54:46 ERROR Dron {sucorrientazo.actors.Dron $anonfun$entregarAlmuerzos$1} - GESTOR_DE_DOCUMENTOS - (-1, 0) Norte
16:54:46 ERROR Dron {sucorrientazo.actors.Dron $anonfun$entregarAlmuerzos$1} - GESTOR_DE_DOCUMENTOS - (-3, 2) Oeste
16:54:46 ERROR Dron {sucorrientazo.actors.Dron $anonfun$entregarAlmuerzos$1} - GESTOR_DE_DOCUMENTOS - (-1, -1) Sur
16:57:42 ERROR Entrega {sucorrientazo.actors.Entrega$$anonfun$receive$1 applyOrElse} - GESTOR_DE_DOCUMENTOS - mensaje entregado al actor entrega
16:57:42 ERROR Dron {sucorrientazo.actors.Dron$$anonfun$receive$1 applyOrElse} - GESTOR_DE_DOCUMENTOS - mensaje recibido
16:57:42 ERROR Dron {sucorrientazo.actors.Dron$$anonfun$receive$1 applyOrElse} - GESTOR_DE_DOCUMENTOS - mensaje recibido
16:57:43 ERROR Dron {sucorrientazo.actors.Dron$$anonfun$receive$1 applyOrElse} - GESTOR_DE_DOCUMENTOS - mensaje recibido
16:57:42 ERROR Dron {sucorrientazo.actors.Dron $anonfun$entregarAlmuerzos$1} - GESTOR_DE_DOCUMENTOS - (-2, -1) Este
16:57:43 ERROR Dron {sucorrientazo.actors.Dron $anonfun$entregarAlmuerzos$1} - GESTOR_DE_DOCUMENTOS - (-1, 0) Norte
16:57:43 ERROR Dron {sucorrientazo.actors.Dron $anonfun$entregarAlmuerzos$1} - GESTOR_DE_DOCUMENTOS - (-1, 0) Norte
16:57:43 ERROR Dron {sucorrientazo.actors.Dron $anonfun$entregarAlmuerzos$1} - GESTOR_DE_DOCUMENTOS - (-3, 2) Oeste
16:57:43 ERROR Dron {sucorrientazo.actors.Dron $anonfun$entregarAlmuerzos$1} - GESTOR_DE_DOCUMENTOS - (-1, -1) Sur
16:57:43 ERROR Dron {sucorrientazo.actors.Dron $anonfun$entregarAlmuerzos$1} - GESTOR_DE_DOCUMENTOS - (-1, 0) Sur
16:57:43 ERROR Dron {sucorrientazo.actors.Dron $anonfun$entregarAlmuerzos$1} - GESTOR_DE_DOCUMENTOS - (-1, -2) Sur
16:57:43 ERROR Dron {sucorrientazo.actors.Dron $anonfun$entregarAlmuerzos$1} - GESTOR_DE_DOCUMENTOS - (2, 0) Sur
16:57:42 ERROR Dron {sucorrientazo.actors.Dron $anonfun$entregarAlmuerzos$1} - GESTOR_DE_DOCUMENTOS - (-3, -1) Este
16:57:43 ERROR Dron {sucorrientazo.actors.Dron $anonfun$entregarAlmuerzos$1} - GESTOR_DE_DOCUMENTOS - (-1, 0) Sur
16:57:43 ERROR Dron {sucorrientazo.actors.Dron $anonfun$entregarAlmuerzos$1} - GESTOR_DE_DOCUMENTOS - (0, -2) Sur
16:57:43 ERROR Dron {sucorrientazo.actors.Dron $anonfun$entregarAlmuerzos$1} - GESTOR_DE_DOCUMENTOS - (3, -1) Sur
17:02:27 ERROR Entrega {sucorrientazo.actors.Entrega$$anonfun$receive$1 applyOrElse} - GESTOR_DE_DOCUMENTOS - mensaje entregado al actor entrega
17:02:27 ERROR Dron {sucorrientazo.actors.Dron$$anonfun$receive$1 applyOrElse} - GESTOR_DE_DOCUMENTOS - mensaje recibido
17:02:27 ERROR Dron {sucorrientazo.actors.Dron$$anonfun$receive$1 applyOrElse} - GESTOR_DE_DOCUMENTOS - mensaje recibido
17:02:27 ERROR Dron {sucorrientazo.actors.Dron$$anonfun$receive$1 applyOrElse} - GESTOR_DE_DOCUMENTOS - mensaje recibido
17:02:27 ERROR Dron {sucorrientazo.actors.Dron $anonfun$entregarAlmuerzos$1} - GESTOR_DE_DOCUMENTOS - (-1, 0) Norte
17:02:27 ERROR Dron {sucorrientazo.actors.Dron $anonfun$entregarAlmuerzos$1} - GESTOR_DE_DOCUMENTOS - (-1, 0) Norte
17:02:27 ERROR Dron {sucorrientazo.actors.Dron $anonfun$entregarAlmuerzos$1} - GESTOR_DE_DOCUMENTOS - (-3, 2) Oeste
17:02:27 ERROR Dron {sucorrientazo.actors.Dron $anonfun$entregarAlmuerzos$1} - GESTOR_DE_DOCUMENTOS - (-1, -1) Sur
17:02:27 ERROR Dron {sucorrientazo.actors.Dron $anonfun$entregarAlmuerzos$1} - GESTOR_DE_DOCUMENTOS - (-3, -1) Este
17:02:27 ERROR Dron {sucorrientazo.actors.Dron $anonfun$entregarAlmuerzos$1} - GESTOR_DE_DOCUMENTOS - (-2, -1) Este
17:02:27 ERROR Dron {sucorrientazo.actors.Dron $anonfun$entregarAlmuerzos$1} - GESTOR_DE_DOCUMENTOS - (-1, 0) Sur
17:02:27 ERROR Dron {sucorrientazo.actors.Dron $anonfun$entregarAlmuerzos$1} - GESTOR_DE_DOCUMENTOS - (-1, 0) Sur
17:02:27 ERROR Dron {sucorrientazo.actors.Dron $anonfun$entregarAlmuerzos$1} - GESTOR_DE_DOCUMENTOS - (0, -2) Sur
17:02:27 ERROR Dron {sucorrientazo.actors.Dron $anonfun$entregarAlmuerzos$1} - GESTOR_DE_DOCUMENTOS - (-1, -2) Sur
17:02:27 ERROR Dron {sucorrientazo.actors.Dron $anonfun$entregarAlmuerzos$1} - GESTOR_DE_DOCUMENTOS - (3, -1) Sur
17:02:27 ERROR Dron {sucorrientazo.actors.Dron $anonfun$entregarAlmuerzos$1} - GESTOR_DE_DOCUMENTOS - (2, 0) Sur
17:05:46 INFO  Entrega {sucorrientazo.actors.Entrega$$anonfun$receive$1 applyOrElse} - GESTOR_DE_DOCUMENTOS - mensaje entregado al actor entrega
17:05:46 INFO  Dron {sucorrientazo.actors.Dron$$anonfun$receive$1 applyOrElse} - GESTOR_DE_DOCUMENTOS - mensaje recibido
17:05:46 INFO  Dron {sucorrientazo.actors.Dron$$anonfun$receive$1 applyOrElse} - GESTOR_DE_DOCUMENTOS - mensaje recibido
17:05:46 ERROR Dron {sucorrientazo.actors.Dron $anonfun$entregarAlmuerzos$1} - GESTOR_DE_DOCUMENTOS - (-2, -1) Este
17:05:46 ERROR Dron {sucorrientazo.actors.Dron $anonfun$entregarAlmuerzos$1} - GESTOR_DE_DOCUMENTOS - (-3, -1) Este
17:05:46 INFO  Dron {sucorrientazo.actors.Dron$$anonfun$receive$1 applyOrElse} - GESTOR_DE_DOCUMENTOS - mensaje recibido
17:05:46 ERROR Dron {sucorrientazo.actors.Dron $anonfun$entregarAlmuerzos$1} - GESTOR_DE_DOCUMENTOS - (-1, 0) Sur
17:05:46 ERROR Dron {sucorrientazo.actors.Dron $anonfun$entregarAlmuerzos$1} - GESTOR_DE_DOCUMENTOS - (-1, 0) Norte
17:05:46 ERROR Dron {sucorrientazo.actors.Dron $anonfun$entregarAlmuerzos$1} - GESTOR_DE_DOCUMENTOS - (-1, 0) Sur
17:05:46 ERROR Dron {sucorrientazo.actors.Dron $anonfun$entregarAlmuerzos$1} - GESTOR_DE_DOCUMENTOS - (-1, -2) Sur
17:05:46 ERROR Dron {sucorrientazo.actors.Dron $anonfun$entregarAlmuerzos$1} - GESTOR_DE_DOCUMENTOS - (-1, 0) Norte
17:05:46 ERROR Dron {sucorrientazo.actors.Dron $anonfun$entregarAlmuerzos$1} - GESTOR_DE_DOCUMENTOS - (0, -2) Sur
17:05:46 ERROR Dron {sucorrientazo.actors.Dron $anonfun$entregarAlmuerzos$1} - GESTOR_DE_DOCUMENTOS - (-3, 2) Oeste
17:05:46 ERROR Dron {sucorrientazo.actors.Dron $anonfun$entregarAlmuerzos$1} - GESTOR_DE_DOCUMENTOS - (-1, -1) Sur
17:05:46 ERROR Dron {sucorrientazo.actors.Dron $anonfun$entregarAlmuerzos$1} - GESTOR_DE_DOCUMENTOS - (3, -1) Sur
17:05:46 ERROR Dron {sucorrientazo.actors.Dron $anonfun$entregarAlmuerzos$1} - GESTOR_DE_DOCUMENTOS - (2, 0) Sur
17:06:55 INFO  Entrega {sucorrientazo.actors.Entrega$$anonfun$receive$1 applyOrElse} - GESTOR_DE_DOCUMENTOS - mensaje entregado al actor entrega
17:06:56 INFO  Dron {sucorrientazo.actors.Dron$$anonfun$receive$1 applyOrElse} - GESTOR_DE_DOCUMENTOS - mensaje recibido
17:06:56 INFO  Dron {sucorrientazo.actors.Dron $anonfun$entregarAlmuerzos$1} - GESTOR_DE_DOCUMENTOS - (-3, -1) Este
17:06:56 INFO  Dron {sucorrientazo.actors.Dron$$anonfun$receive$1 applyOrElse} - GESTOR_DE_DOCUMENTOS - mensaje recibido
17:06:56 INFO  Dron {sucorrientazo.actors.Dron $anonfun$entregarAlmuerzos$1} - GESTOR_DE_DOCUMENTOS - (-2, -1) Este
17:06:56 INFO  Dron {sucorrientazo.actors.Dron $anonfun$entregarAlmuerzos$1} - GESTOR_DE_DOCUMENTOS - (-1, 0) Sur
17:06:56 INFO  Dron {sucorrientazo.actors.Dron $anonfun$entregarAlmuerzos$1} - GESTOR_DE_DOCUMENTOS - (-1, -2) Sur
17:06:56 INFO  Dron {sucorrientazo.actors.Dron $anonfun$entregarAlmuerzos$1} - GESTOR_DE_DOCUMENTOS - (2, 0) Sur
17:06:56 INFO  Dron {sucorrientazo.actors.Dron $anonfun$entregarAlmuerzos$1} - GESTOR_DE_DOCUMENTOS - (-1, 0) Sur
17:06:56 INFO  Dron {sucorrientazo.actors.Dron $anonfun$entregarAlmuerzos$1} - GESTOR_DE_DOCUMENTOS - (0, -2) Sur
17:06:56 INFO  Dron {sucorrientazo.actors.Dron$$anonfun$receive$1 applyOrElse} - GESTOR_DE_DOCUMENTOS - mensaje recibido
17:06:56 INFO  Dron {sucorrientazo.actors.Dron $anonfun$entregarAlmuerzos$1} - GESTOR_DE_DOCUMENTOS - (-1, 0) Norte
17:06:56 INFO  Dron {sucorrientazo.actors.Dron $anonfun$entregarAlmuerzos$1} - GESTOR_DE_DOCUMENTOS - (-1, 0) Norte
17:06:56 INFO  Dron {sucorrientazo.actors.Dron $anonfun$entregarAlmuerzos$1} - GESTOR_DE_DOCUMENTOS - (-3, 2) Oeste
17:06:56 INFO  Dron {sucorrientazo.actors.Dron $anonfun$entregarAlmuerzos$1} - GESTOR_DE_DOCUMENTOS - (-1, -1) Sur
17:06:56 INFO  Dron {sucorrientazo.actors.Dron $anonfun$entregarAlmuerzos$1} - GESTOR_DE_DOCUMENTOS - (3, -1) Sur
17:10:13 INFO  Dron {sucorrientazo.actors.Dron$$anonfun$receive$1 applyOrElse} - GESTOR_DE_DOCUMENTOS - mensaje recibido
17:10:13 INFO  Dron {sucorrientazo.actors.Dron$$anonfun$receive$1 applyOrElse} - GESTOR_DE_DOCUMENTOS - mensaje recibido
17:10:13 INFO  Dron {sucorrientazo.actors.Dron$$anonfun$receive$1 applyOrElse} - GESTOR_DE_DOCUMENTOS - mensaje recibido
17:10:13 INFO  Dron {sucorrientazo.actors.Dron $anonfun$entregarAlmuerzos$1} - GESTOR_DE_DOCUMENTOS - (-2, -1) Este
17:10:13 INFO  Dron {sucorrientazo.actors.Dron $anonfun$entregarAlmuerzos$1} - GESTOR_DE_DOCUMENTOS - (-1, 0) Sur
17:10:13 INFO  Dron {sucorrientazo.actors.Dron $anonfun$entregarAlmuerzos$1} - GESTOR_DE_DOCUMENTOS - (-1, -2) Sur
17:10:13 INFO  Dron {sucorrientazo.actors.Dron $anonfun$entregarAlmuerzos$1} - GESTOR_DE_DOCUMENTOS - (2, 0) Sur
17:10:13 INFO  Dron {sucorrientazo.actors.Dron $anonfun$entregarAlmuerzos$1} - GESTOR_DE_DOCUMENTOS - (-1, 0) Norte
17:10:13 INFO  Dron {sucorrientazo.actors.Dron $anonfun$entregarAlmuerzos$1} - GESTOR_DE_DOCUMENTOS - (-1, 0) Norte
17:10:13 INFO  Dron {sucorrientazo.actors.Dron $anonfun$entregarAlmuerzos$1} - GESTOR_DE_DOCUMENTOS - (-3, -1) Este
17:10:13 INFO  Dron {sucorrientazo.actors.Dron $anonfun$entregarAlmuerzos$1} - GESTOR_DE_DOCUMENTOS - (-1, 0) Sur
17:10:13 INFO  Dron {sucorrientazo.actors.Dron $anonfun$entregarAlmuerzos$1} - GESTOR_DE_DOCUMENTOS - (-3, 2) Oeste
17:10:13 INFO  Dron {sucorrientazo.actors.Dron $anonfun$entregarAlmuerzos$1} - GESTOR_DE_DOCUMENTOS - (0, -2) Sur
17:10:13 INFO  Dron {sucorrientazo.actors.Dron $anonfun$entregarAlmuerzos$1} - GESTOR_DE_DOCUMENTOS - (-1, -1) Sur
17:10:13 INFO  Dron {sucorrientazo.actors.Dron $anonfun$entregarAlmuerzos$1} - GESTOR_DE_DOCUMENTOS - (3, -1) Sur
17:12:09 INFO  Dron {sucorrientazo.actors.Dron$$anonfun$receive$1 applyOrElse} - GESTOR_DE_DOCUMENTOS - mensaje recibidoActor[akka://almuerzos/user/entregaActor/dron0#810679249]
17:12:09 INFO  Dron {sucorrientazo.actors.Dron $anonfun$entregarAlmuerzos$1} - GESTOR_DE_DOCUMENTOS - (-3, -1) Este
17:12:09 INFO  Dron {sucorrientazo.actors.Dron$$anonfun$receive$1 applyOrElse} - GESTOR_DE_DOCUMENTOS - mensaje recibidoActor[akka://almuerzos/user/entregaActor/dron1#625268097]
17:12:09 INFO  Dron {sucorrientazo.actors.Dron$$anonfun$receive$1 applyOrElse} - GESTOR_DE_DOCUMENTOS - mensaje recibidoActor[akka://almuerzos/user/entregaActor/dron2#-406395363]
17:12:09 INFO  Dron {sucorrientazo.actors.Dron $anonfun$entregarAlmuerzos$1} - GESTOR_DE_DOCUMENTOS - (-2, -1) Este
17:12:09 INFO  Dron {sucorrientazo.actors.Dron $anonfun$entregarAlmuerzos$1} - GESTOR_DE_DOCUMENTOS - (-1, 0) Norte
17:12:09 INFO  Dron {sucorrientazo.actors.Dron $anonfun$entregarAlmuerzos$1} - GESTOR_DE_DOCUMENTOS - (-1, 0) Sur
17:12:09 INFO  Dron {sucorrientazo.actors.Dron $anonfun$entregarAlmuerzos$1} - GESTOR_DE_DOCUMENTOS - (-1, 0) Norte
17:12:09 INFO  Dron {sucorrientazo.actors.Dron $anonfun$entregarAlmuerzos$1} - GESTOR_DE_DOCUMENTOS - (-1, -2) Sur
17:12:09 INFO  Dron {sucorrientazo.actors.Dron $anonfun$entregarAlmuerzos$1} - GESTOR_DE_DOCUMENTOS - (-3, 2) Oeste
17:12:09 INFO  Dron {sucorrientazo.actors.Dron $anonfun$entregarAlmuerzos$1} - GESTOR_DE_DOCUMENTOS - (2, 0) Sur
17:12:09 INFO  Dron {sucorrientazo.actors.Dron $anonfun$entregarAlmuerzos$1} - GESTOR_DE_DOCUMENTOS - (-1, -1) Sur
17:12:09 INFO  Dron {sucorrientazo.actors.Dron $anonfun$entregarAlmuerzos$1} - GESTOR_DE_DOCUMENTOS - (-1, 0) Sur
17:12:09 INFO  Dron {sucorrientazo.actors.Dron $anonfun$entregarAlmuerzos$1} - GESTOR_DE_DOCUMENTOS - (0, -2) Sur
17:12:09 INFO  Dron {sucorrientazo.actors.Dron $anonfun$entregarAlmuerzos$1} - GESTOR_DE_DOCUMENTOS - (3, -1) Sur
17:19:43 INFO  Dron {sucorrientazo.actors.Dron $anonfun$entregarAlmuerzos$1} - GESTOR_DE_DOCUMENTOS -  =================================== ALMUERZO ENTREGADO POR EL ACTOR DRON Actor[akka://almuerzos/user/entregaActor/dron1#918348482] EN LAS SIGUIENTES COORDENADAS =  (-2, -1) Este ===================================
17:19:43 INFO  Dron {sucorrientazo.actors.Dron $anonfun$entregarAlmuerzos$1} - GESTOR_DE_DOCUMENTOS -  =================================== ALMUERZO ENTREGADO POR EL ACTOR DRON Actor[akka://almuerzos/user/entregaActor/dron2#-500235389] EN LAS SIGUIENTES COORDENADAS =  (-1, 0) Norte ===================================
17:19:43 INFO  Dron {sucorrientazo.actors.Dron $anonfun$entregarAlmuerzos$1} - GESTOR_DE_DOCUMENTOS -  =================================== ALMUERZO ENTREGADO POR EL ACTOR DRON Actor[akka://almuerzos/user/entregaActor/dron1#918348482] EN LAS SIGUIENTES COORDENADAS =  (-1, 0) Sur ===================================
17:19:43 INFO  Dron {sucorrientazo.actors.Dron $anonfun$entregarAlmuerzos$1} - GESTOR_DE_DOCUMENTOS -  =================================== ALMUERZO ENTREGADO POR EL ACTOR DRON Actor[akka://almuerzos/user/entregaActor/dron2#-500235389] EN LAS SIGUIENTES COORDENADAS =  (-1, 0) Norte ===================================
17:19:43 INFO  Dron {sucorrientazo.actors.Dron $anonfun$entregarAlmuerzos$1} - GESTOR_DE_DOCUMENTOS -  =================================== ALMUERZO ENTREGADO POR EL ACTOR DRON Actor[akka://almuerzos/user/entregaActor/dron1#918348482] EN LAS SIGUIENTES COORDENADAS =  (-1, -2) Sur ===================================
17:19:43 INFO  Dron {sucorrientazo.actors.Dron $anonfun$entregarAlmuerzos$1} - GESTOR_DE_DOCUMENTOS -  =================================== ALMUERZO ENTREGADO POR EL ACTOR DRON Actor[akka://almuerzos/user/entregaActor/dron2#-500235389] EN LAS SIGUIENTES COORDENADAS =  (-3, 2) Oeste ===================================
17:19:43 INFO  Dron {sucorrientazo.actors.Dron $anonfun$entregarAlmuerzos$1} - GESTOR_DE_DOCUMENTOS -  =================================== ALMUERZO ENTREGADO POR EL ACTOR DRON Actor[akka://almuerzos/user/entregaActor/dron1#918348482] EN LAS SIGUIENTES COORDENADAS =  (2, 0) Sur ===================================
17:19:43 INFO  Dron {sucorrientazo.actors.Dron $anonfun$entregarAlmuerzos$1} - GESTOR_DE_DOCUMENTOS -  =================================== ALMUERZO ENTREGADO POR EL ACTOR DRON Actor[akka://almuerzos/user/entregaActor/dron2#-500235389] EN LAS SIGUIENTES COORDENADAS =  (-1, -1) Sur ===================================
17:19:43 INFO  Dron {sucorrientazo.actors.Dron $anonfun$entregarAlmuerzos$1} - GESTOR_DE_DOCUMENTOS -  =================================== ALMUERZO ENTREGADO POR EL ACTOR DRON Actor[akka://almuerzos/user/entregaActor/dron0#12538460] EN LAS SIGUIENTES COORDENADAS =  (-3, -1) Este ===================================
17:19:43 INFO  Dron {sucorrientazo.actors.Dron $anonfun$entregarAlmuerzos$1} - GESTOR_DE_DOCUMENTOS -  =================================== ALMUERZO ENTREGADO POR EL ACTOR DRON Actor[akka://almuerzos/user/entregaActor/dron0#12538460] EN LAS SIGUIENTES COORDENADAS =  (-1, 0) Sur ===================================
17:19:43 INFO  Dron {sucorrientazo.actors.Dron $anonfun$entregarAlmuerzos$1} - GESTOR_DE_DOCUMENTOS -  =================================== ALMUERZO ENTREGADO POR EL ACTOR DRON Actor[akka://almuerzos/user/entregaActor/dron0#12538460] EN LAS SIGUIENTES COORDENADAS =  (0, -2) Sur ===================================
17:19:43 INFO  Dron {sucorrientazo.actors.Dron $anonfun$entregarAlmuerzos$1} - GESTOR_DE_DOCUMENTOS -  =================================== ALMUERZO ENTREGADO POR EL ACTOR DRON Actor[akka://almuerzos/user/entregaActor/dron0#12538460] EN LAS SIGUIENTES COORDENADAS =  (3, -1) Sur ===================================
17:23:29 INFO  Dron {sucorrientazo.actors.Dron $anonfun$entregarAlmuerzos$1} - GESTOR_DE_DOCUMENTOS -  =================================== ALMUERZO ENTREGADO POR EL ACTOR DRON Actor[akka://almuerzos/user/entregaActor/dron2#-1229225488] EN LAS SIGUIENTES COORDENADAS =  (-1, 0) Norte ===================================
17:23:29 INFO  Dron {sucorrientazo.actors.Dron $anonfun$entregarAlmuerzos$1} - GESTOR_DE_DOCUMENTOS -  =================================== ALMUERZO ENTREGADO POR EL ACTOR DRON Actor[akka://almuerzos/user/entregaActor/dron0#524908946] EN LAS SIGUIENTES COORDENADAS =  (-3, -1) Este ===================================
17:23:29 INFO  Dron {sucorrientazo.actors.Dron $anonfun$entregarAlmuerzos$1} - GESTOR_DE_DOCUMENTOS -  =================================== ALMUERZO ENTREGADO POR EL ACTOR DRON Actor[akka://almuerzos/user/entregaActor/dron2#-1229225488] EN LAS SIGUIENTES COORDENADAS =  (-1, 0) Norte ===================================
17:23:29 INFO  Dron {sucorrientazo.actors.Dron $anonfun$entregarAlmuerzos$1} - GESTOR_DE_DOCUMENTOS -  =================================== ALMUERZO ENTREGADO POR EL ACTOR DRON Actor[akka://almuerzos/user/entregaActor/dron1#1020153486] EN LAS SIGUIENTES COORDENADAS =  (-2, -1) Este ===================================
17:23:29 INFO  Dron {sucorrientazo.actors.Dron $anonfun$entregarAlmuerzos$1} - GESTOR_DE_DOCUMENTOS -  =================================== ALMUERZO ENTREGADO POR EL ACTOR DRON Actor[akka://almuerzos/user/entregaActor/dron0#524908946] EN LAS SIGUIENTES COORDENADAS =  (-1, 0) Sur ===================================
17:23:29 INFO  Dron {sucorrientazo.actors.Dron $anonfun$entregarAlmuerzos$1} - GESTOR_DE_DOCUMENTOS -  =================================== ALMUERZO ENTREGADO POR EL ACTOR DRON Actor[akka://almuerzos/user/entregaActor/dron2#-1229225488] EN LAS SIGUIENTES COORDENADAS =  (-3, 2) Oeste ===================================
17:23:29 INFO  Dron {sucorrientazo.actors.Dron $anonfun$entregarAlmuerzos$1} - GESTOR_DE_DOCUMENTOS -  =================================== ALMUERZO ENTREGADO POR EL ACTOR DRON Actor[akka://almuerzos/user/entregaActor/dron0#524908946] EN LAS SIGUIENTES COORDENADAS =  (0, -2) Sur ===================================
17:23:29 INFO  Dron {sucorrientazo.actors.Dron $anonfun$entregarAlmuerzos$1} - GESTOR_DE_DOCUMENTOS -  =================================== ALMUERZO ENTREGADO POR EL ACTOR DRON Actor[akka://almuerzos/user/entregaActor/dron2#-1229225488] EN LAS SIGUIENTES COORDENADAS =  (-1, -1) Sur ===================================
17:23:29 INFO  Dron {sucorrientazo.actors.Dron $anonfun$entregarAlmuerzos$1} - GESTOR_DE_DOCUMENTOS -  =================================== ALMUERZO ENTREGADO POR EL ACTOR DRON Actor[akka://almuerzos/user/entregaActor/dron0#524908946] EN LAS SIGUIENTES COORDENADAS =  (3, -1) Sur ===================================
17:23:29 INFO  Dron {sucorrientazo.actors.Dron entregarAlmuerzos} - GESTOR_DE_DOCUMENTOS - **************************************** REPORTE = Reporte(List((-1, 0) Norte, (-1, 0) Norte, (-3, 2) Oeste, (-1, -1) Sur)) *******************************************
17:23:29 INFO  Dron {sucorrientazo.actors.Dron entregarAlmuerzos} - GESTOR_DE_DOCUMENTOS - **************************************** REPORTE = Reporte(List((-3, -1) Este, (-1, 0) Sur, (0, -2) Sur, (3, -1) Sur)) *******************************************
17:23:29 INFO  Dron {sucorrientazo.actors.Dron $anonfun$entregarAlmuerzos$1} - GESTOR_DE_DOCUMENTOS -  =================================== ALMUERZO ENTREGADO POR EL ACTOR DRON Actor[akka://almuerzos/user/entregaActor/dron1#1020153486] EN LAS SIGUIENTES COORDENADAS =  (-1, 0) Sur ===================================
17:23:29 INFO  Dron {sucorrientazo.actors.Dron $anonfun$entregarAlmuerzos$1} - GESTOR_DE_DOCUMENTOS -  =================================== ALMUERZO ENTREGADO POR EL ACTOR DRON Actor[akka://almuerzos/user/entregaActor/dron1#1020153486] EN LAS SIGUIENTES COORDENADAS =  (-1, -2) Sur ===================================
17:23:29 INFO  Dron {sucorrientazo.actors.Dron $anonfun$entregarAlmuerzos$1} - GESTOR_DE_DOCUMENTOS -  =================================== ALMUERZO ENTREGADO POR EL ACTOR DRON Actor[akka://almuerzos/user/entregaActor/dron1#1020153486] EN LAS SIGUIENTES COORDENADAS =  (2, 0) Sur ===================================
17:23:29 INFO  Dron {sucorrientazo.actors.Dron entregarAlmuerzos} - GESTOR_DE_DOCUMENTOS - **************************************** REPORTE = Reporte(List((-2, -1) Este, (-1, 0) Sur, (-1, -2) Sur, (2, 0) Sur)) *******************************************
17:26:49 INFO  Dron {sucorrientazo.actors.Dron entregarAlmuerzos} - GESTOR_DE_DOCUMENTOS - **************************************** REPORTE = Reporte(List((ACTOR_DRON = Actor[akka://almuerzos/user/entregaActor/dron0#-851716722], -3, -1, Este), (ACTOR_DRON = Actor[akka://almuerzos/user/entregaActor/dron0#-851716722], -1, 0, Sur), (ACTOR_DRON = Actor[akka://almuerzos/user/entregaActor/dron0#-851716722], 0, -2, Sur), (ACTOR_DRON = Actor[akka://almuerzos/user/entregaActor/dron0#-851716722], 3, -1, Sur))) *******************************************
17:26:49 INFO  Dron {sucorrientazo.actors.Dron entregarAlmuerzos} - GESTOR_DE_DOCUMENTOS - **************************************** REPORTE = Reporte(List((ACTOR_DRON = Actor[akka://almuerzos/user/entregaActor/dron1#-451497564], -2, -1, Este), (ACTOR_DRON = Actor[akka://almuerzos/user/entregaActor/dron1#-451497564], -1, 0, Sur), (ACTOR_DRON = Actor[akka://almuerzos/user/entregaActor/dron1#-451497564], -1, -2, Sur), (ACTOR_DRON = Actor[akka://almuerzos/user/entregaActor/dron1#-451497564], 2, 0, Sur))) *******************************************
17:26:49 INFO  Dron {sucorrientazo.actors.Dron entregarAlmuerzos} - GESTOR_DE_DOCUMENTOS - **************************************** REPORTE = Reporte(List((ACTOR_DRON = Actor[akka://almuerzos/user/entregaActor/dron2#-1844347206], -1, 0, Norte), (ACTOR_DRON = Actor[akka://almuerzos/user/entregaActor/dron2#-1844347206], -1, 0, Norte), (ACTOR_DRON = Actor[akka://almuerzos/user/entregaActor/dron2#-1844347206], -3, 2, Oeste), (ACTOR_DRON = Actor[akka://almuerzos/user/entregaActor/dron2#-1844347206], -1, -1, Sur))) *******************************************
17:30:32 INFO  Dron {sucorrientazo.actors.Dron entregarAlmuerzos} - GESTOR_DE_DOCUMENTOS - **************************************** REPORTE = Reporte(List((ACTOR_DRON = Actor[akka://almuerzos/user/entregaActor/dron0#-1791690782], -3, -1, Este), (ACTOR_DRON = Actor[akka://almuerzos/user/entregaActor/dron0#-1791690782], -1, 0, Sur), (ACTOR_DRON = Actor[akka://almuerzos/user/entregaActor/dron0#-1791690782], 0, -2, Sur), (ACTOR_DRON = Actor[akka://almuerzos/user/entregaActor/dron0#-1791690782], 3, -1, Sur))) *******************************************
17:30:32 INFO  Dron {sucorrientazo.actors.Dron entregarAlmuerzos} - GESTOR_DE_DOCUMENTOS - *******************************************************************************************************************
17:30:32 INFO  Dron {sucorrientazo.actors.Dron entregarAlmuerzos} - GESTOR_DE_DOCUMENTOS -  
17:30:32 INFO  Dron {sucorrientazo.actors.Dron entregarAlmuerzos} - GESTOR_DE_DOCUMENTOS - **************************************** REPORTE = Reporte(List((ACTOR_DRON = Actor[akka://almuerzos/user/entregaActor/dron1#-926291193], -2, -1, Este), (ACTOR_DRON = Actor[akka://almuerzos/user/entregaActor/dron1#-926291193], -1, 0, Sur), (ACTOR_DRON = Actor[akka://almuerzos/user/entregaActor/dron1#-926291193], -1, -2, Sur), (ACTOR_DRON = Actor[akka://almuerzos/user/entregaActor/dron1#-926291193], 2, 0, Sur))) *******************************************
17:30:32 INFO  Dron {sucorrientazo.actors.Dron entregarAlmuerzos} - GESTOR_DE_DOCUMENTOS - *******************************************************************************************************************
17:30:32 INFO  Dron {sucorrientazo.actors.Dron entregarAlmuerzos} - GESTOR_DE_DOCUMENTOS -  
17:30:32 INFO  Dron {sucorrientazo.actors.Dron entregarAlmuerzos} - GESTOR_DE_DOCUMENTOS - **************************************** REPORTE = Reporte(List((ACTOR_DRON = Actor[akka://almuerzos/user/entregaActor/dron2#82062427], -1, 0, Norte), (ACTOR_DRON = Actor[akka://almuerzos/user/entregaActor/dron2#82062427], -1, 0, Norte), (ACTOR_DRON = Actor[akka://almuerzos/user/entregaActor/dron2#82062427], -3, 2, Oeste), (ACTOR_DRON = Actor[akka://almuerzos/user/entregaActor/dron2#82062427], -1, -1, Sur))) *******************************************
17:30:32 INFO  Dron {sucorrientazo.actors.Dron entregarAlmuerzos} - GESTOR_DE_DOCUMENTOS - *******************************************************************************************************************
17:30:32 INFO  Dron {sucorrientazo.actors.Dron entregarAlmuerzos} - GESTOR_DE_DOCUMENTOS -  
17:35:25 INFO  Dron {sucorrientazo.actors.Dron entregarAlmuerzos} - SUCORRIENTAZO - **************************************** REPORTE = Reporte(List((ACTOR_DRON = dron2, -1, 0, Norte), (ACTOR_DRON = dron2, -1, 0, Norte), (ACTOR_DRON = dron2, -3, 2, Oeste), (ACTOR_DRON = dron2, -1, -1, Sur))) *******************************************
17:35:25 INFO  Dron {sucorrientazo.actors.Dron entregarAlmuerzos} - SUCORRIENTAZO - *******************************************************************************************************************
17:35:25 INFO  Dron {sucorrientazo.actors.Dron entregarAlmuerzos} - SUCORRIENTAZO -  
17:35:25 INFO  Dron {sucorrientazo.actors.Dron entregarAlmuerzos} - SUCORRIENTAZO - **************************************** REPORTE = Reporte(List((ACTOR_DRON = dron0, -3, -1, Este), (ACTOR_DRON = dron0, -1, 0, Sur), (ACTOR_DRON = dron0, 0, -2, Sur), (ACTOR_DRON = dron0, 3, -1, Sur))) *******************************************
17:35:25 INFO  Dron {sucorrientazo.actors.Dron entregarAlmuerzos} - SUCORRIENTAZO - *******************************************************************************************************************
17:35:25 INFO  Dron {sucorrientazo.actors.Dron entregarAlmuerzos} - SUCORRIENTAZO -  
17:35:25 INFO  Dron {sucorrientazo.actors.Dron entregarAlmuerzos} - SUCORRIENTAZO - **************************************** REPORTE = Reporte(List((ACTOR_DRON = dron1, -2, -1, Este), (ACTOR_DRON = dron1, -1, 0, Sur), (ACTOR_DRON = dron1, -1, -2, Sur), (ACTOR_DRON = dron1, 2, 0, Sur))) *******************************************
17:35:25 INFO  Dron {sucorrientazo.actors.Dron entregarAlmuerzos} - SUCORRIENTAZO - *******************************************************************************************************************
17:35:25 INFO  Dron {sucorrientazo.actors.Dron entregarAlmuerzos} - SUCORRIENTAZO -  
